> Task :clean
> Task :compileJava
> Task :processResources
> Task :classes
> Task :resolveMainClassName

> Task :bootRun

  .   ____          _            __ _ _
 /\\ / ___'_ __ _ _(_)_ __  __ _ \ \ \ \
( ( )\___ | '_ | '_| | '_ \/ _` | \ \ \ \
 \\/  ___)| |_)| | | | | || (_| |  ) ) ) )
  '  |____| .__|_| |_|_| |_\__, | / / / /
 =========|_|==============|___/=/_/_/_/
 :: Spring Boot ::                (v3.2.5)

2026-04-24T16:19:04.221+09:00  INFO 107744 --- [           main] com.mycount.backend.MycountApplication   : Starting MycountApplication using Java 21.0.8 with PID 107744 (D:\PythonProject\mycount\spring_backend\build\classes\java\main started by Administrator in D:\PythonProject\mycount\spring_backend)
2026-04-24T16:19:04.225+09:00  INFO 107744 --- [           main] com.mycount.backend.MycountApplication   : The following 1 profile is active: "prod"
2026-04-24T16:19:05.661+09:00  INFO 107744 --- [           main] .s.d.r.c.RepositoryConfigurationDelegate : Bootstrapping Spring Data JPA repositories in DEFAULT mode.
2026-04-24T16:19:05.808+09:00  INFO 107744 --- [           main] .s.d.r.c.RepositoryConfigurationDelegate : Finished Spring Data repository scanning in 133 ms. Found 12 JPA repository interfaces.
2026-04-24T16:19:06.654+09:00  INFO 107744 --- [           main] o.s.b.w.embedded.tomcat.TomcatWebServer  : Tomcat initialized with port 8080 (http)
2026-04-24T16:19:06.676+09:00  INFO 107744 --- [           main] o.apache.catalina.core.StandardService   : Starting service [Tomcat]
2026-04-24T16:19:06.676+09:00  INFO 107744 --- [           main] o.apache.catalina.core.StandardEngine    : Starting Servlet engine: [Apache Tomcat/10.1.20]
2026-04-24T16:19:06.875+09:00  INFO 107744 --- [           main] o.a.c.c.C.[Tomcat].[localhost].[/]       : Initializing Spring embedded WebApplicationContext
2026-04-24T16:19:06.878+09:00  INFO 107744 --- [           main] w.s.c.ServletWebServerApplicationContext : Root WebApplicationContext: initialization completed in 2579 ms
2026-04-24T16:19:07.106+09:00  INFO 107744 --- [           main] o.hibernate.jpa.internal.util.LogHelper  : HHH000204: Processing PersistenceUnitInfo [name: default]
2026-04-24T16:19:07.213+09:00  INFO 107744 --- [           main] org.hibernate.Version                    : HHH000412: Hibernate ORM core version 6.4.4.Final
2026-04-24T16:19:07.266+09:00  INFO 107744 --- [           main] o.h.c.internal.RegionFactoryInitiator    : HHH000026: Second-level cache disabled
2026-04-24T16:19:07.648+09:00  INFO 107744 --- [           main] o.s.o.j.p.SpringPersistenceUnitInfo      : No LoadTimeWeaver setup: ignoring JPA class transformer
2026-04-24T16:19:07.706+09:00  INFO 107744 --- [           main] com.zaxxer.hikari.HikariDataSource       : HikariPool-1 - Starting...
2026-04-24T16:19:07.933+09:00  INFO 107744 --- [           main] com.zaxxer.hikari.pool.HikariPool        : HikariPool-1 - Added connection org.mariadb.jdbc.Connection@1a0d313
2026-04-24T16:19:07.937+09:00  INFO 107744 --- [           main] com.zaxxer.hikari.HikariDataSource       : HikariPool-1 - Start completed.
2026-04-24T16:19:08.007+09:00  WARN 107744 --- [           main] org.hibernate.orm.deprecation            : HHH90000025: MariaDBDialect does not need to be specified explicitly using 'hibernate.dialect' (remove the property setting and it will be selected by default)
2026-04-24T16:19:10.069+09:00  INFO 107744 --- [           main] o.h.e.t.j.p.i.JtaPlatformInitiator       : HHH000489: No JTA platform available (set 'hibernate.transaction.jta.platform' to enable JTA platform integration)
2026-04-24T16:19:10.073+09:00  INFO 107744 --- [           main] j.LocalContainerEntityManagerFactoryBean : Initialized JPA EntityManagerFactory for persistence unit 'default'
2026-04-24T16:19:11.180+09:00  WARN 107744 --- [           main] JpaBaseConfiguration$JpaWebConfiguration : spring.jpa.open-in-view is enabled by default. Therefore, database queries may be performed during view rendering. Explicitly configure spring.jpa.open-in-view to disable this warning
2026-04-24T16:19:11.830+09:00  INFO 107744 --- [           main] o.s.s.web.DefaultSecurityFilterChain     : Will secure any request with [org.springframework.security.web.session.DisableEncodeUrlFilter@79827e71, org.springframework.security.web.context.request.async.WebAsyncManagerIntegrationFilter@3c20abd6, org.springframework.security.web.context.SecurityContextHolderFilter@292b7a02, org.springframework.security.web.header.HeaderWriterFilter@3be2ef56, org.springframework.web.filter.CorsFilter@7cd2d3b6, org.springframework.security.web.authentication.logout.LogoutFilter@671561b9, com.mycount.backend.security.JwtAuthenticationFilter@4a225014, org.springframework.security.web.savedrequest.RequestCacheAwareFilter@25dacc5a, org.springframework.security.web.servletapi.SecurityContextHolderAwareRequestFilter@55b7f9f1, org.springframework.security.web.authentication.AnonymousAuthenticationFilter@7f922523, org.springframework.security.web.session.SessionManagementFilter@40aaf656, org.springframework.security.web.access.ExceptionTranslationFilter@60cbba57, org.springframework.security.web.access.intercept.AuthorizationFilter@368e7d3a]
2026-04-24T16:19:12.389+09:00  WARN 107744 --- [           main] ConfigServletWebServerApplicationContext : Exception encountered during context initialization - cancelling refresh attempt: org.springframework.context.ApplicationContextException: Failed to start bean 'webServerStartStop'
2026-04-24T16:19:12.394+09:00  INFO 107744 --- [           main] j.LocalContainerEntityManagerFactoryBean : Closing JPA EntityManagerFactory for persistence unit 'default'
2026-04-24T16:19:12.396+09:00  INFO 107744 --- [           main] com.zaxxer.hikari.HikariDataSource       : HikariPool-1 - Shutdown initiated...
2026-04-24T16:19:12.403+09:00  INFO 107744 --- [           main] com.zaxxer.hikari.HikariDataSource       : HikariPool-1 - Shutdown completed.
2026-04-24T16:19:12.420+09:00  INFO 107744 --- [           main] .s.b.a.l.ConditionEvaluationReportLogger : 

Error starting ApplicationContext. To display the condition evaluation report re-run your application with 'debug' enabled.
2026-04-24T16:19:12.449+09:00 ERROR 107744 --- [           main] o.s.b.d.LoggingFailureAnalysisReporter   : 

***************************
APPLICATION FAILED TO START
***************************

Description:

Web server failed to start. Port 8080 was already in use.

Action:

Identify and stop the process that's listening on port 8080 or configure this application to listen on another port.


> Task :bootRun FAILED

[Incubating] Problems report is available at: file:///D:/PythonProject/mycount/spring_backend/build/reports/problems/problems-report.html

FAILURE: Build failed with an exception.

* What went wrong:
Execution failed for task ':bootRun'.
> Process 'command 'C:\Program Files\Java\jdk-21\bin\java.exe'' finished with non-zero exit value 1

* Try:
> Run with --stacktrace option to get the stack trace.
> Run with --info or --debug option to get more log output.
> Run with --scan to get full insights from a Build Scan (powered by Develocity).
> Get more help at https://help.gradle.org.

Deprecated Gradle features were used in this build, making it incompatible with Gradle 10.

You can use '--warning-mode all' to show the individual deprecation warnings and determine if they come from your own scripts or plugins.

For more on this, please refer to https://docs.gradle.org/9.4.1/userguide/command_line_interface.html#sec:command_line_warnings in the Gradle documentation.

BUILD FAILED in 21s
5 actionable tasks: 5 executed
