> Task :compileJava UP-TO-DATE
> Task :processResources UP-TO-DATE
> Task :classes UP-TO-DATE
> Task :resolveMainClassName UP-TO-DATE

> Task :bootRun

  .   ____          _            __ _ _
 /\\ / ___'_ __ _ _(_)_ __  __ _ \ \ \ \
( ( )\___ | '_ | '_| | '_ \/ _` | \ \ \ \
 \\/  ___)| |_)| | | | | || (_| |  ) ) ) )
  '  |____| .__|_| |_|_| |_\__, | / / / /
 =========|_|==============|___/=/_/_/_/
 :: Spring Boot ::                (v3.2.5)

2026-04-24T15:53:20.670+09:00  INFO 67928 --- [           main] com.mycount.backend.MycountApplication   : Starting MycountApplication using Java 21.0.8 with PID 67928 (D:\PythonProject\mycount\spring_backend\build\classes\java\main started by Administrator in D:\PythonProject\mycount\spring_backend)
2026-04-24T15:53:20.673+09:00  INFO 67928 --- [           main] com.mycount.backend.MycountApplication   : The following 1 profile is active: "local"
2026-04-24T15:53:22.106+09:00  INFO 67928 --- [           main] .s.d.r.c.RepositoryConfigurationDelegate : Bootstrapping Spring Data JPA repositories in DEFAULT mode.
2026-04-24T15:53:22.269+09:00  INFO 67928 --- [           main] .s.d.r.c.RepositoryConfigurationDelegate : Finished Spring Data repository scanning in 149 ms. Found 12 JPA repository interfaces.
2026-04-24T15:53:23.165+09:00  INFO 67928 --- [           main] o.s.b.w.embedded.tomcat.TomcatWebServer  : Tomcat initialized with port 8080 (http)
2026-04-24T15:53:23.190+09:00  INFO 67928 --- [           main] o.apache.catalina.core.StandardService   : Starting service [Tomcat]
2026-04-24T15:53:23.191+09:00  INFO 67928 --- [           main] o.apache.catalina.core.StandardEngine    : Starting Servlet engine: [Apache Tomcat/10.1.20]
2026-04-24T15:53:23.339+09:00  INFO 67928 --- [           main] o.a.c.c.C.[Tomcat].[localhost].[/]       : Initializing Spring embedded WebApplicationContext
2026-04-24T15:53:23.340+09:00  INFO 67928 --- [           main] w.s.c.ServletWebServerApplicationContext : Root WebApplicationContext: initialization completed in 2615 ms
2026-04-24T15:53:23.514+09:00  INFO 67928 --- [           main] o.hibernate.jpa.internal.util.LogHelper  : HHH000204: Processing PersistenceUnitInfo [name: default]
2026-04-24T15:53:23.604+09:00  INFO 67928 --- [           main] org.hibernate.Version                    : HHH000412: Hibernate ORM core version 6.4.4.Final
2026-04-24T15:53:23.659+09:00  INFO 67928 --- [           main] o.h.c.internal.RegionFactoryInitiator    : HHH000026: Second-level cache disabled
2026-04-24T15:53:24.149+09:00  INFO 67928 --- [           main] o.s.o.j.p.SpringPersistenceUnitInfo      : No LoadTimeWeaver setup: ignoring JPA class transformer
2026-04-24T15:53:24.197+09:00  INFO 67928 --- [           main] com.zaxxer.hikari.HikariDataSource       : HikariPool-1 - Starting...
2026-04-24T15:53:24.421+09:00  INFO 67928 --- [           main] com.zaxxer.hikari.pool.HikariPool        : HikariPool-1 - Added connection org.sqlite.jdbc4.JDBC4Connection@5835e24a
2026-04-24T15:53:24.423+09:00  INFO 67928 --- [           main] com.zaxxer.hikari.HikariDataSource       : HikariPool-1 - Start completed.
2026-04-24T15:53:26.163+09:00  INFO 67928 --- [           main] o.h.e.t.j.p.i.JtaPlatformInitiator       : HHH000489: No JTA platform available (set 'hibernate.transaction.jta.platform' to enable JTA platform integration)
2026-04-24T15:53:26.245+09:00  INFO 67928 --- [           main] j.LocalContainerEntityManagerFactoryBean : Initialized JPA EntityManagerFactory for persistence unit 'default'
2026-04-24T15:53:27.089+09:00  WARN 67928 --- [           main] JpaBaseConfiguration$JpaWebConfiguration : spring.jpa.open-in-view is enabled by default. Therefore, database queries may be performed during view rendering. Explicitly configure spring.jpa.open-in-view to disable this warning
2026-04-24T15:53:27.637+09:00  INFO 67928 --- [           main] o.s.s.web.DefaultSecurityFilterChain     : Will secure any request with [org.springframework.security.web.session.DisableEncodeUrlFilter@119f035f, org.springframework.security.web.context.request.async.WebAsyncManagerIntegrationFilter@480f1311, org.springframework.security.web.context.SecurityContextHolderFilter@77da2881, org.springframework.security.web.header.HeaderWriterFilter@1b9cfc19, org.springframework.web.filter.CorsFilter@60c68c7b, org.springframework.security.web.authentication.logout.LogoutFilter@34128fed, com.mycount.backend.security.JwtAuthenticationFilter@217009bd, org.springframework.security.web.savedrequest.RequestCacheAwareFilter@63767d, org.springframework.security.web.servletapi.SecurityContextHolderAwareRequestFilter@6aa85fcf, org.springframework.security.web.authentication.AnonymousAuthenticationFilter@1315d910, org.springframework.security.web.session.SessionManagementFilter@554db19d, org.springframework.security.web.access.ExceptionTranslationFilter@75a5a912, org.springframework.security.web.access.intercept.AuthorizationFilter@5a106b26]
2026-04-24T15:53:27.995+09:00  WARN 67928 --- [           main] ConfigServletWebServerApplicationContext : Exception encountered during context initialization - cancelling refresh attempt: org.springframework.context.ApplicationContextException: Failed to start bean 'webServerStartStop'
2026-04-24T15:53:27.999+09:00  INFO 67928 --- [           main] j.LocalContainerEntityManagerFactoryBean : Closing JPA EntityManagerFactory for persistence unit 'default'
2026-04-24T15:53:28.002+09:00  INFO 67928 --- [           main] com.zaxxer.hikari.HikariDataSource       : HikariPool-1 - Shutdown initiated...
2026-04-24T15:53:28.004+09:00  INFO 67928 --- [           main] com.zaxxer.hikari.HikariDataSource       : HikariPool-1 - Shutdown completed.
2026-04-24T15:53:28.019+09:00  INFO 67928 --- [           main] .s.b.a.l.ConditionEvaluationReportLogger : 

Error starting ApplicationContext. To display the condition evaluation report re-run your application with 'debug' enabled.
2026-04-24T15:53:28.044+09:00 ERROR 67928 --- [           main] o.s.b.d.LoggingFailureAnalysisReporter   : 

***************************
APPLICATION FAILED TO START
***************************

Description:

Web server failed to start. Port 8080 was already in use.

Action:

Identify and stop the process that's listening on port 8080 or configure this application to listen on another port.


> Task :bootRun FAILED

[Incubating] Problems report is available at: file:///D:/PythonProject/mycount/spring_backend/build/reports/problems/problems-report.html

FAILURE: Build failed with an exception.

* What went wrong:
Execution failed for task ':bootRun'.
> Process 'command 'C:\Program Files\Java\jdk-21\bin\java.exe'' finished with non-zero exit value 1

* Try:
> Run with --stacktrace option to get the stack trace.
> Run with --info or --debug option to get more log output.
> Run with --scan to get full insights from a Build Scan (powered by Develocity).
> Get more help at https://help.gradle.org.

Deprecated Gradle features were used in this build, making it incompatible with Gradle 10.

You can use '--warning-mode all' to show the individual deprecation warnings and determine if they come from your own scripts or plugins.

For more on this, please refer to https://docs.gradle.org/9.4.1/userguide/command_line_interface.html#sec:command_line_warnings in the Gradle documentation.

BUILD FAILED in 13s
4 actionable tasks: 1 executed, 3 up-to-date
